<?xml version="1.0" encoding="UTF-8"?>
<testsuite xmlns:xsi="http://www.w3.org/2001/XMLSchema-instance" xsi:schemaLocation="https://maven.apache.org/surefire/maven-surefire-plugin/xsd/surefire-test-report.xsd" name="TestSuite" time="491.406" tests="10" errors="0" skipped="2" failures="2">
  <properties>
    <property name="java.runtime.name" value="Java(TM) SE Runtime Environment"/>
    <property name="sun.boot.library.path" value="/Library/Java/JavaVirtualMachines/jdk1.8.0_152.jdk/Contents/Home/jre/lib"/>
    <property name="java.vm.version" value="25.152-b16"/>
    <property name="gopherProxySet" value="false"/>
    <property name="java.vm.vendor" value="Oracle Corporation"/>
    <property name="maven.multiModuleProjectDirectory" value="/Users/dream11/Documents/QA_Android_AppLaunch_Check_Automation"/>
    <property name="java.vendor.url" value="http://java.oracle.com/"/>
    <property name="path.separator" value=":"/>
    <property name="guice.disable.misplaced.annotation.check" value="true"/>
    <property name="java.vm.name" value="Java HotSpot(TM) 64-Bit Server VM"/>
    <property name="file.encoding.pkg" value="sun.io"/>
    <property name="user.country" value="IN"/>
    <property name="sun.java.launcher" value="SUN_STANDARD"/>
    <property name="sun.os.patch.level" value="unknown"/>
    <property name="java.vm.specification.name" value="Java Virtual Machine Specification"/>
    <property name="user.dir" value="/Users/dream11/Documents/QA_Android_AppLaunch_Check_Automation"/>
    <property name="java.runtime.version" value="1.8.0_152-b16"/>
    <property name="java.awt.graphicsenv" value="sun.awt.CGraphicsEnvironment"/>
    <property name="java.endorsed.dirs" value="/Library/Java/JavaVirtualMachines/jdk1.8.0_152.jdk/Contents/Home/jre/lib/endorsed"/>
    <property name="os.arch" value="x86_64"/>
    <property name="java.io.tmpdir" value="/var/folders/7p/t950jds534zclqdz39gmn84w0000gq/T/"/>
    <property name="line.separator" value="&#10;"/>
    <property name="java.vm.specification.vendor" value="Oracle Corporation"/>
    <property name="os.name" value="Mac OS X"/>
    <property name="classworlds.conf" value="/Applications/apache-maven-3.5.4/bin/m2.conf"/>
    <property name="sun.jnu.encoding" value="UTF-8"/>
    <property name="java.library.path" value="/Users/dream11/Library/Java/Extensions:/Library/Java/Extensions:/Network/Library/Java/Extensions:/System/Library/Java/Extensions:/usr/lib/java:."/>
    <property name="maven.conf" value="/Applications/apache-maven-3.5.4/conf"/>
    <property name="java.specification.name" value="Java Platform API Specification"/>
    <property name="java.class.version" value="52.0"/>
    <property name="sun.management.compiler" value="HotSpot 64-Bit Tiered Compilers"/>
    <property name="os.version" value="10.13.4"/>
    <property name="library.jansi.path" value="/Applications/apache-maven-3.5.4/lib/jansi-native"/>
    <property name="http.nonProxyHosts" value="local|*.local|169.254/16|*.169.254/16"/>
    <property name="user.home" value="/Users/dream11"/>
    <property name="user.timezone" value="Asia/Kolkata"/>
    <property name="java.awt.printerjob" value="sun.lwawt.macosx.CPrinterJob"/>
    <property name="java.specification.version" value="1.8"/>
    <property name="file.encoding" value="UTF-8"/>
    <property name="user.name" value="dream11"/>
    <property name="java.class.path" value="/Applications/apache-maven-3.5.4/boot/plexus-classworlds-2.5.2.jar"/>
    <property name="java.vm.specification.version" value="1.8"/>
    <property name="sun.arch.data.model" value="64"/>
    <property name="java.home" value="/Library/Java/JavaVirtualMachines/jdk1.8.0_152.jdk/Contents/Home/jre"/>
    <property name="sun.java.command" value="org.codehaus.plexus.classworlds.launcher.Launcher test"/>
    <property name="java.specification.vendor" value="Oracle Corporation"/>
    <property name="user.language" value="en"/>
    <property name="awt.toolkit" value="sun.lwawt.macosx.LWCToolkit"/>
    <property name="java.vm.info" value="mixed mode"/>
    <property name="java.version" value="1.8.0_152"/>
    <property name="java.ext.dirs" value="/Users/dream11/Library/Java/Extensions:/Library/Java/JavaVirtualMachines/jdk1.8.0_152.jdk/Contents/Home/jre/lib/ext:/Library/Java/Extensions:/Network/Library/Java/Extensions:/System/Library/Java/Extensions:/usr/lib/java"/>
    <property name="sun.boot.class.path" value="/Library/Java/JavaVirtualMachines/jdk1.8.0_152.jdk/Contents/Home/jre/lib/resources.jar:/Library/Java/JavaVirtualMachines/jdk1.8.0_152.jdk/Contents/Home/jre/lib/rt.jar:/Library/Java/JavaVirtualMachines/jdk1.8.0_152.jdk/Contents/Home/jre/lib/sunrsasign.jar:/Library/Java/JavaVirtualMachines/jdk1.8.0_152.jdk/Contents/Home/jre/lib/jsse.jar:/Library/Java/JavaVirtualMachines/jdk1.8.0_152.jdk/Contents/Home/jre/lib/jce.jar:/Library/Java/JavaVirtualMachines/jdk1.8.0_152.jdk/Contents/Home/jre/lib/charsets.jar:/Library/Java/JavaVirtualMachines/jdk1.8.0_152.jdk/Contents/Home/jre/lib/jfr.jar:/Library/Java/JavaVirtualMachines/jdk1.8.0_152.jdk/Contents/Home/jre/classes"/>
    <property name="java.vendor" value="Oracle Corporation"/>
    <property name="maven.home" value="/Applications/apache-maven-3.5.4"/>
    <property name="file.separator" value="/"/>
    <property name="java.vendor.url.bug" value="http://bugreport.sun.com/bugreport/"/>
    <property name="sun.cpu.endian" value="little"/>
    <property name="sun.io.unicode.encoding" value="UnicodeBig"/>
    <property name="socksNonProxyHosts" value="local|*.local|169.254/16|*.169.254/16"/>
    <property name="ftp.nonProxyHosts" value="local|*.local|169.254/16|*.169.254/16"/>
    <property name="sun.cpu.isalist" value=""/>
  </properties>
  <testcase name="Nexus_5X_API_21_Lollipop" classname="com.sportsGuru.TestCase_Nexus_5X_API_21_Lollipop" time="55.041"/>
  <testcase name="Nexus_5X_API_22_Lollipop" classname="com.sportsGuru.TestCase_Nexus_5X_API_22_Lollipop" time="55.032"/>
  <testcase name="Nexus_5X_API_23_Marshmallow" classname="com.sportsGuru.TestCase_Nexus_5X_API_23_Marshmallow" time="57.058">
    <failure message="expected [true] but found [false]" type="java.lang.AssertionError">java.lang.AssertionError: expected [true] but found [false]
	at com.sportsGuru.TestCase_Nexus_5X_API_23_Marshmallow.Nexus_5X_API_23_Marshmallow(TestCase_Nexus_5X_API_23_Marshmallow.java:55)
</failure>
    <system-out><![CDATA[Emulator : Nexus_5X_API_22_Lollipop is Stoped true
Emulator : Nexus_5X_API_23_Marshmallow is up and running
Assert failed onemulator-5554 and its Failing on the version 6.0
from this
/Users/dream11/Documents/QA_Android_AppLaunch_Check_Automation/ScreenShots/timeStamp2018.11.01.12.49.17.png
]]></system-out>
  </testcase>
  <testcase name="Nexus_5X_API_24_gplay_Nougat" classname="com.sportsGuru.TestCase_Nexus_5X_API_24_gplay_Nougat" time="55.037"/>
  <testcase name="Nexus_5X_API_25_Nougat" classname="com.sportsGuru.TestCase_Nexus_5X_API_25_Nougat" time="55.038"/>
  <testcase name="Nexus_5X_API_26_Oreo" classname="com.sportsGuru.TestCase_Nexus_5X_API_26_Oreo" time="55.023"/>
  <testcase name="SetUp" classname="com.sportsGuru.TestCase_Nexus_5X_API_27_Oreo" time="65.088">
    <failure message="Index: 0, Size: 0" type="java.lang.IndexOutOfBoundsException">java.lang.IndexOutOfBoundsException: Index: 0, Size: 0
	at com.sportsGuru.TestCase_Nexus_5X_API_27_Oreo.SetUp(TestCase_Nexus_5X_API_27_Oreo.java:36)
</failure>
    <system-out><![CDATA[Emulator : Nexus_5X_API_26 is Stoped true
Emulator : Nexus_5X_API_27 is up and running
]]></system-out>
  </testcase>
  <testcase name="Nexus_5X_API_27_Oreo" classname="com.sportsGuru.TestCase_Nexus_5X_API_27_Oreo" time="0">
    <skipped/>
  </testcase>
  <testcase name="TearDown" classname="com.sportsGuru.TestCase_Nexus_5X_API_27_Oreo" time="0">
    <skipped/>
  </testcase>
  <testcase name="Nexus_5X_API_28_Pie" classname="com.sportsGuru.TestCase_Nexus_5X_API_28_Pie" time="55.035"/>
</testsuite>