<?xml version="1.0" encoding="UTF-8"?>
<!-- Generated by org.testng.reporters.JUnitReportReporter -->
<testsuite skipped="0" hostname="d11macpro.d11.com" name="com.sportsGuru.TestCase_Nexus_5X_API_21_Lollipop" tests="1" failures="0" timestamp="31 Oct 2018 16:24:52 GMT" time="65.221" errors="0">
  <testcase name="Nexus_5X_API_21_Lollipop" time="65.221" classname="com.sportsGuru.TestCase_Nexus_5X_API_21_Lollipop"/>
</testsuite> <!-- com.sportsGuru.TestCase_Nexus_5X_API_21_Lollipop -->
