<?xml version="1.0" encoding="UTF-8"?>
<!-- Generated by org.testng.reporters.JUnitReportReporter -->
<testsuite skipped="0" hostname="d11macpro.d11.com" name="com.sportsGuru.TestCase_Nexus_5X_API_28_Pie" tests="1" failures="0" timestamp="01 Nov 2018 07:23:59 GMT" time="65.066" errors="0">
  <testcase name="Nexus_5X_API_28_Pie" time="65.066" classname="com.sportsGuru.TestCase_Nexus_5X_API_28_Pie"/>
</testsuite> <!-- com.sportsGuru.TestCase_Nexus_5X_API_28_Pie -->
