<?xml version="1.0" encoding="UTF-8"?>
<!-- Generated by org.testng.reporters.JUnitReportReporter -->
<testsuite skipped="0" hostname="d11macpro.d11.com" name="com.sportsGuru.TestCase_Nexus_5X_API_24_gplay_Nougat" tests="1" failures="0" timestamp="31 Oct 2018 21:56:37 GMT" time="65.057" errors="0">
  <testcase name="Nexus_5X_API_24_gplay_Nougat" time="65.057" classname="com.sportsGuru.TestCase_Nexus_5X_API_24_gplay_Nougat"/>
</testsuite> <!-- com.sportsGuru.TestCase_Nexus_5X_API_24_gplay_Nougat -->
