<?xml version="1.0" encoding="UTF-8"?>
<!-- Generated by org.testng.reporters.JUnitReportReporter -->
<testsuite skipped="0" hostname="d11macpro.d11.com" name="com.sportsGuru.TestCase_Nexus_5X_API_25_Nougat" tests="1" failures="0" timestamp="01 Nov 2018 07:23:59 GMT" time="65.062" errors="0">
  <testcase name="Nexus_5X_API_25_Nougat" time="65.062" classname="com.sportsGuru.TestCase_Nexus_5X_API_25_Nougat"/>
</testsuite> <!-- com.sportsGuru.TestCase_Nexus_5X_API_25_Nougat -->
